<acceptance-test-run title="A rotating cell set should produce the original set of cells after three generations" name="aRotatingCellSetShouldProduceTheOriginalSetOfCellsAfterThreeGenerations" steps="7" successful="0" failures="1" skipped="6" ignored="0" pending="0" result="FAILURE" duration="317703">
  <user-story id="com.wakaleo.gameoflife.webtests.WhenTheUserSpawnsTheNextGeneration" name="When the user spawns the next generation" path="com.wakaleo.gameoflife.webtests"/>
  <tags>
    <tag name="Configuring a simulation" type="feature"/>
    <tag name="When the user spawns the next generation" type="story"/>
  </tags>
  <test-step result="FAILURE" duration="45212">
    <description>Opens home page</description>
    <error>Could not instantiate class org.openqa.selenium.firefox.FirefoxDriver</error>
    <exception>net.thucydides.core.steps.StepFailureException: Could not instantiate class org.openqa.selenium.firefox.FirefoxDriver
	at net.thucydides.core.steps.BaseStepListener.recordFailureDetailsInFailingTestStep(BaseStepListener.java:433)
	at net.thucydides.core.steps.BaseStepListener.stepFailed(BaseStepListener.java:421)
	at net.thucydides.core.steps.StepEventBus.stepFailed(StepEventBus.java:296)
	at net.thucydides.core.steps.StepInterceptor.notifyOfStepFailure(StepInterceptor.java:357)
	at net.thucydides.core.steps.StepInterceptor.runTestStep(StepInterceptor.java:264)
	at net.thucydides.core.steps.StepInterceptor.testStepResult(StepInterceptor.java:124)
	at net.thucydides.core.steps.StepInterceptor.intercept(StepInterceptor.java:50)
	at com.wakaleo.gameoflife.webtests.steps.PlayerSteps$$EnhancerByCGLIB$$e7ad7fc9.opens_home_page(&lt;generated&gt;)
	at com.wakaleo.gameoflife.webtests.WhenTheUserSpawnsTheNextGeneration.aRotatingCellSetShouldProduceTheOriginalSetOfCellsAfterThreeGenerations(WhenTheUserSpawnsTheNextGeneration.java:141)
	at sun.reflect.NativeMethodAccessorImpl.invoke0(Native Method)
	at sun.reflect.NativeMethodAccessorImpl.invoke(NativeMethodAccessorImpl.java:57)
	at sun.reflect.DelegatingMethodAccessorImpl.invoke(DelegatingMethodAccessorImpl.java:43)
	at java.lang.reflect.Method.invoke(Method.java:606)
	at org.junit.runners.model.FrameworkMethod$1.runReflectiveCall(FrameworkMethod.java:45)
	at org.junit.internal.runners.model.ReflectiveCallable.run(ReflectiveCallable.java:15)
	at org.junit.runners.model.FrameworkMethod.invokeExplosively(FrameworkMethod.java:42)
	at org.junit.internal.runners.statements.InvokeMethod.evaluate(InvokeMethod.java:20)
	at net.thucydides.junit.runners.ThucydidesStatement.evaluate(ThucydidesStatement.java:21)
	at org.junit.runners.ParentRunner.runLeaf(ParentRunner.java:263)
	at org.junit.runners.BlockJUnit4ClassRunner.runChild(BlockJUnit4ClassRunner.java:68)
	at net.thucydides.junit.runners.ThucydidesRunner.runChild(ThucydidesRunner.java:339)
	at net.thucydides.junit.runners.ThucydidesRunner.runChild(ThucydidesRunner.java:56)
	at org.junit.runners.ParentRunner$3.run(ParentRunner.java:231)
	at org.junit.runners.ParentRunner$1.schedule(ParentRunner.java:60)
	at org.junit.runners.ParentRunner.runChildren(ParentRunner.java:229)
	at org.junit.runners.ParentRunner.access$000(ParentRunner.java:50)
	at org.junit.runners.ParentRunner$2.evaluate(ParentRunner.java:222)
	at org.junit.runners.ParentRunner.run(ParentRunner.java:300)
	at net.thucydides.junit.runners.ThucydidesRunner.run(ThucydidesRunner.java:201)
	at org.junit.runners.Suite.runChild(Suite.java:128)
	at org.junit.runners.Suite.runChild(Suite.java:24)
	at org.junit.runners.ParentRunner$3.run(ParentRunner.java:231)
	at java.util.concurrent.Executors$RunnableAdapter.call(Executors.java:471)
	at java.util.concurrent.FutureTask.run(FutureTask.java:262)
	at java.util.concurrent.ThreadPoolExecutor.runWorker(ThreadPoolExecutor.java:1145)
	at java.util.concurrent.ThreadPoolExecutor$Worker.run(ThreadPoolExecutor.java:615)
	at java.lang.Thread.run(Thread.java:745)
Caused by: net.thucydides.core.webdriver.WebdriverAssertionError: Could not instantiate class org.openqa.selenium.firefox.FirefoxDriver
	at net.thucydides.core.webdriver.WebDriverFacade.newDriverInstance(WebDriverFacade.java:90)
	at net.thucydides.core.webdriver.WebDriverFacade.newProxyDriver(WebDriverFacade.java:82)
	at net.thucydides.core.webdriver.WebDriverFacade.getProxiedDriver(WebDriverFacade.java:54)
	at net.thucydides.core.pages.Pages.browserIsHeadless(Pages.java:141)
	at net.thucydides.core.pages.Pages.openHeadlessDriverIfNotOpen(Pages.java:126)
	at net.thucydides.core.pages.Pages.openBrowserIfRequiredFor(Pages.java:119)
	at net.thucydides.core.pages.Pages.currentPageAt(Pages.java:107)
	at com.wakaleo.gameoflife.webtests.steps.PlayerSteps.onHomePage(PlayerSteps.java:57)
	at com.wakaleo.gameoflife.webtests.steps.PlayerSteps.opens_home_page(PlayerSteps.java:18)
	at com.wakaleo.gameoflife.webtests.steps.PlayerSteps$$EnhancerByCGLIB$$e7ad7fc9.CGLIB$opens_home_page$0(&lt;generated&gt;)
	at com.wakaleo.gameoflife.webtests.steps.PlayerSteps$$EnhancerByCGLIB$$e7ad7fc9$$FastClassByCGLIB$$2f6316fe.invoke(&lt;generated&gt;)
	at net.sf.cglib.proxy.MethodProxy.invokeSuper(MethodProxy.java:228)
	at net.thucydides.core.steps.StepInterceptor.executeTestStepMethod(StepInterceptor.java:273)
	at net.thucydides.core.steps.StepInterceptor.runTestStep(StepInterceptor.java:252)
	... 32 more
</exception>
  </test-step>
  <test-step result="SKIPPED" duration="45752">
    <description>Chooses to start a new game</description>
  </test-step>
  <test-step result="SKIPPED" duration="45280">
    <description>Clicks on cell at: &lt;span class=&apos;parameters&apos;&gt;1, 0&lt;/span&gt;</description>
  </test-step>
  <test-step result="SKIPPED" duration="45261">
    <description>Clicks on cell at: &lt;span class=&apos;parameters&apos;&gt;1, 1&lt;/span&gt;</description>
  </test-step>
  <test-step result="SKIPPED" duration="45308">
    <description>Clicks on cell at: &lt;span class=&apos;parameters&apos;&gt;1, 2&lt;/span&gt;</description>
  </test-step>
  <test-step result="SKIPPED" duration="45504">
    <description>Starts simulation</description>
  </test-step>
  <test-step result="SKIPPED" duration="45357">
    <description>Should see grid: &lt;span class=&apos;single-parameter&apos;&gt;{{.,*,.},{.,*,.},{.,*,.}}&lt;/span&gt;</description>
  </test-step>
</acceptance-test-run>